<?xml version="1.0" encoding="UTF-8"?>
<!-- Generated by org.testng.reporters.JUnitReportReporter -->
<testsuite hostname="LAPTOP-C1B14KPD" failures="0" tests="1" name="TestCases.Verify_SignIn" time="4.253" errors="0" timestamp="2022-04-13T07:34:19 IST" skipped="0">
  <testcase classname="TestCases.Verify_SignIn" name="enterCredientials" time="4.253"/>
  <system-out/>
</testsuite> <!-- TestCases.Verify_SignIn -->
