<?xml version="1.0" encoding="UTF-8"?>
<!-- Generated by org.testng.reporters.JUnitReportReporter -->
<testsuite hostname="LAPTOP-C1B14KPD" failures="0" tests="1" name="TestCases.Verify_SignUp" time="7.773" errors="0" timestamp="2022-04-14T07:24:20 IST" skipped="0">
  <testcase classname="TestCases.Verify_SignUp" name="signUp" time="7.773"/>
  <system-out/>
</testsuite> <!-- TestCases.Verify_SignUp -->
